<?xml version="1.0" encoding="UTF-8"?>
<testng-results total="1" passed="1" failed="0" skipped="0">
  <reporter-output>
  </reporter-output>
  <suite started-at="2018-10-15T13:35:09Z" name="Default suite" finished-at="2018-10-15T13:35:52Z" duration-ms="43531">
    <groups>
    </groups>
    <test started-at="2018-10-15T13:35:09Z" name="Default test" finished-at="2018-10-15T13:35:52Z" duration-ms="43531">
      <class name="example.Login">
        <test-method signature="Read()[pri:0, instance:example.Login@63475ace]" started-at="2018-10-15T19:05:09Z" name="Read" finished-at="2018-10-15T19:05:52Z" duration-ms="43505" status="PASS">
          <reporter-output>
          </reporter-output>
        </test-method> <!-- Read -->
      </class> <!-- example.Login -->
    </test> <!-- Default test -->
  </suite> <!-- Default suite -->
</testng-results>
