<?xml version="1.0" encoding="UTF-8"?>
<testng-results skipped="0" failed="0" total="1" passed="1">
  <reporter-output>
  </reporter-output>
  <suite name="Default suite" duration-ms="37949" started-at="2018-10-12T13:51:21Z" finished-at="2018-10-12T13:51:59Z">
    <groups>
    </groups>
    <test name="Default test" duration-ms="37949" started-at="2018-10-12T13:51:21Z" finished-at="2018-10-12T13:51:59Z">
      <class name="example.Login">
        <test-method status="PASS" signature="Read()[pri:0, instance:example.Login@be2bc2]" name="Read" duration-ms="37920" started-at="2018-10-12T19:21:21Z" finished-at="2018-10-12T19:21:59Z">
          <reporter-output>
          </reporter-output>
        </test-method> <!-- Read -->
      </class> <!-- example.Login -->
    </test> <!-- Default test -->
  </suite> <!-- Default suite -->
</testng-results>
